<?xml version="1.0" encoding="UTF-8"?>
<!-- Generated by org.testng.reporters.JUnitXMLReporter -->
<testsuite ignored="0" hostname="LAPTOP-HHUMO6R2" failures="0" tests="4" name="Default test" time="4.851" errors="0" timestamp="2021-01-19T10:58:01 IST">
  <testcase classname="files.DynamicJson" name="dynamicJson" time="3.95"/>
  <testcase classname="files.DynamicJson" name="dynamicJson" time="0.286"/>
  <testcase classname="files.DynamicJson" name="dynamicJson" time="0.274"/>
  <testcase classname="files.DynamicJson" name="dynamicJson" time="0.254"/>
</testsuite> <!-- Default test -->
