<?xml version="1.0" encoding="UTF-8"?>
<testng-results ignored="0" total="4" passed="4" failed="0" skipped="0">
  <reporter-output>
  </reporter-output>
  <suite started-at="2021-01-19T10:57:56 IST" name="Default suite" finished-at="2021-01-19T10:58:01 IST" duration-ms="4851">
    <groups>
    </groups>
    <test started-at="2021-01-19T10:57:56 IST" name="Default test" finished-at="2021-01-19T10:58:01 IST" duration-ms="4851">
      <class name="files.DynamicJson">
        <test-method signature="dynamicJson(java.lang.String, java.lang.String)[pri:0, instance:files.DynamicJson@cad498c]" started-at="2021-01-19T10:57:56 IST" name="dynamicJson" data-provider="BooksData" finished-at="2021-01-19T10:58:00 IST" duration-ms="3950" status="PASS">
          <params>
            <param index="0">
              <value>
                <![CDATA[suhail]]>
              </value>
            </param>
            <param index="1">
              <value>
                <![CDATA[81978]]>
              </value>
            </param>
          </params>
          <reporter-output>
          </reporter-output>
        </test-method> <!-- dynamicJson -->
        <test-method signature="dynamicJson(java.lang.String, java.lang.String)[pri:0, instance:files.DynamicJson@cad498c]" started-at="2021-01-19T10:58:00 IST" name="dynamicJson" data-provider="BooksData" finished-at="2021-01-19T10:58:00 IST" duration-ms="286" status="PASS">
          <params>
            <param index="0">
              <value>
                <![CDATA[Sanae]]>
              </value>
            </param>
            <param index="1">
              <value>
                <![CDATA[546]]>
              </value>
            </param>
          </params>
          <reporter-output>
          </reporter-output>
        </test-method> <!-- dynamicJson -->
        <test-method signature="dynamicJson(java.lang.String, java.lang.String)[pri:0, instance:files.DynamicJson@cad498c]" started-at="2021-01-19T10:58:00 IST" name="dynamicJson" data-provider="BooksData" finished-at="2021-01-19T10:58:00 IST" duration-ms="274" status="PASS">
          <params>
            <param index="0">
              <value>
                <![CDATA[tazeens]]>
              </value>
            </param>
            <param index="1">
              <value>
                <![CDATA[9856]]>
              </value>
            </param>
          </params>
          <reporter-output>
          </reporter-output>
        </test-method> <!-- dynamicJson -->
        <test-method signature="dynamicJson(java.lang.String, java.lang.String)[pri:0, instance:files.DynamicJson@cad498c]" started-at="2021-01-19T10:58:00 IST" name="dynamicJson" data-provider="BooksData" finished-at="2021-01-19T10:58:01 IST" duration-ms="254" status="PASS">
          <params>
            <param index="0">
              <value>
                <![CDATA[Minige]]>
              </value>
            </param>
            <param index="1">
              <value>
                <![CDATA[4568]]>
              </value>
            </param>
          </params>
          <reporter-output>
          </reporter-output>
        </test-method> <!-- dynamicJson -->
      </class> <!-- files.DynamicJson -->
    </test> <!-- Default test -->
  </suite> <!-- Default suite -->
</testng-results>
